<?xml version="1.0" encoding="UTF-8"?>
<!-- Generated by org.testng.reporters.JUnitXMLReporter -->
<testsuite ignored="0" hostname="LAPTOP-GK7VU78D" failures="0" tests="0" name="CucumberTests" time="0.361" errors="0" timestamp="2025-10-10T09:24:26 IST">
  <testcase classname="io.cucumber.testng.AbstractTestNGCucumberTests" name="@BeforeClass setUpClass" time="0.329">
    <failure type="io.cucumber.core.gherkin.FeatureParserException" message="Failed to parse resource at: file:///D:/APIAutomation/HotelBooking/src/test/resources/features/bookingEdit.feature
(167:2): expected: #EOF, #TableRow, #TagLine, #ExamplesLine, #ScenarioLine, #RuleLine, #Comment, #Empty, got &amp;apos;Then the response status code should be 400&amp;apos;
(168:2): expected: #EOF, #TableRow, #TagLine, #ExamplesLine, #ScenarioLine, #RuleLine, #Comment, #Empty, got &amp;apos;And the user should see response with incorrect &amp;quot;&amp;lt;FieldError&amp;gt;&amp;quot;&amp;apos;
(199:7): expected: #EOF, #TableRow, #TagLine, #ExamplesLine, #ScenarioLine, #RuleLine, #Comment, #Empty, got &amp;apos;Then the response status code should be 400&amp;apos;
(200:4): expected: #EOF, #TableRow, #TagLine, #ExamplesLine, #ScenarioLine, #RuleLine, #Comment, #Empty, got &amp;apos;And the user should see response with incorrect &amp;quot;&amp;lt;FieldError&amp;gt;&amp;quot;&amp;apos;">
      <![CDATA[io.cucumber.core.gherkin.FeatureParserException: Failed to parse resource at: file:///D:/APIAutomation/HotelBooking/src/test/resources/features/bookingEdit.feature
(167:2): expected: #EOF, #TableRow, #TagLine, #ExamplesLine, #ScenarioLine, #RuleLine, #Comment, #Empty, got 'Then the response status code should be 400'
(168:2): expected: #EOF, #TableRow, #TagLine, #ExamplesLine, #ScenarioLine, #RuleLine, #Comment, #Empty, got 'And the user should see response with incorrect "<FieldError>"'
(199:7): expected: #EOF, #TableRow, #TagLine, #ExamplesLine, #ScenarioLine, #RuleLine, #Comment, #Empty, got 'Then the response status code should be 400'
(200:4): expected: #EOF, #TableRow, #TagLine, #ExamplesLine, #ScenarioLine, #RuleLine, #Comment, #Empty, got 'And the user should see response with incorrect "<FieldError>"'
at io.cucumber.core.gherkin.messages.GherkinMessagesFeatureParser.parse(GherkinMessagesFeatureParser.java:56)
at io.cucumber.core.feature.FeatureParser.parseResource(FeatureParser.java:46)
at java.base/java.util.function.BiFunction.lambda$andThen$0(BiFunction.java:70)
at io.cucumber.core.resource.ResourceScanner.lambda$processResource$1(ResourceScanner.java:79)
at io.cucumber.core.resource.PathScanner$ResourceFileVisitor.visitFile(PathScanner.java:82)
at io.cucumber.core.resource.PathScanner$ResourceFileVisitor.visitFile(PathScanner.java:67)
at java.base/java.nio.file.Files.walkFileTree(Files.java:2786)
at io.cucumber.core.resource.PathScanner.findResourcesForPath(PathScanner.java:61)
at io.cucumber.core.resource.PathScanner.findResourcesForPath(PathScanner.java:54)
at io.cucumber.core.resource.PathScanner.findResourcesForUri(PathScanner.java:34)
at io.cucumber.core.resource.ResourceScanner.findResourcesForUri(ResourceScanner.java:61)
at io.cucumber.core.resource.ResourceScanner.scanForResourcesUri(ResourceScanner.java:134)
at io.cucumber.core.runtime.FeaturePathFeatureSupplier.loadFeatures(FeaturePathFeatureSupplier.java:62)
at io.cucumber.core.runtime.FeaturePathFeatureSupplier.get(FeaturePathFeatureSupplier.java:45)
at io.cucumber.testng.TestNGCucumberRunner.<init>(TestNGCucumberRunner.java:125)
at io.cucumber.testng.AbstractTestNGCucumberTests.setUpClass(AbstractTestNGCucumberTests.java:27)
at java.base/java.util.ArrayList.forEach(ArrayList.java:1596)
... Removed 27 stack frames]]>
    </failure>
  </testcase> <!-- @BeforeClass setUpClass -->
</testsuite> <!-- CucumberTests -->
